<?xml version="1.0" encoding="UTF-8"?>
<!-- Generated by org.testng.reporters.JUnitXMLReporter -->
<testsuite hostname="PPC05536" ignored="0" name="Command line test" tests="1" failures="0" timestamp="18 Jan 2017 17:01:43 GMT" time="0.174" errors="0">
  <testcase name="@BeforeMethod preCondition" time="0.0" classname="com.email.scripts.SFASuperTestNG">
    <failure type="java.lang.NullPointerException">
      <![CDATA[java.lang.NullPointerException
	at com.email.scripts.SFASuperTestNG.preCondition(SFASuperTestNG.java:46)
	at com.email.scripts.SFA_Main.main(SFA_Main.java:33)
... Removed 24 stack frames]]>
    </failure>
  </testcase> <!-- @BeforeMethod preCondition -->
  <testcase name="@AfterMethod postCondition" time="0.0" classname="com.email.scripts.SFASuperTestNG">
    <skipped/>
  </testcase> <!-- @AfterMethod postCondition -->
  <testcase name="getFields" time="0.001" classname="com.email.scripts.GetPermissionDetail">
    <skipped/>
  </testcase> <!-- getFields -->
</testsuite> <!-- Command line test -->
